16:52:45.086 [main] INFO  com.hcl.gcs.baseutil.BaseTest - Running locally JavaMail
16:52:45.188 [main] INFO  com.hcl.gcs.baseutil.BaseTest - Folder creation for Extent
16:52:45.204 [main] INFO  com.hcl.gcs.baseutil.BaseTest - ExtentDir:-C:\Users\sheetal.jaswal\GCS_ExpenseClaimSystem_new\HCL_GCS_Final_Expense_Claim2/reports/Automation Report- 05_08_2023_16_52_45
16:52:45.322 [main] INFO  com.hcl.gcs.baseutil.BaseTest - Report Initiated
16:52:45.326 [main] INFO  com.hcl.gcs.baseutil.BaseTest - Screenshot Folder Created
16:52:51.320 [main] INFO  com.hcl.gcs.testscripts.mileagekmallowance.TYSS_GCS_MileageKmAllowance - chrome Browser is launched
16:53:38.823 [main] INFO  com.hcl.gcs.testscripts.mileagekmallowance.TYSS_GCS_MileageKmAllowance - Enter the value into Employee code Textbox
16:53:38.978 [main] INFO  com.hcl.gcs.testscripts.mileagekmallowance.TYSS_GCS_MileageKmAllowance - 40178582 typed into Employee code Textbox
16:53:42.017 [main] INFO  com.hcl.gcs.testscripts.mileagekmallowance.TYSS_GCS_MileageKmAllowance - Valid value is entered in Empcode Textbox
16:53:42.018 [main] INFO  com.hcl.gcs.testscripts.mileagekmallowance.TYSS_GCS_MileageKmAllowance - 52083401 is entered into Empcode TextBox
16:53:42.018 [main] INFO  com.hcl.gcs.testscripts.mileagekmallowance.TYSS_GCS_MileageKmAllowance - Enter the value into Password Textbox
16:53:42.153 [main] INFO  com.hcl.gcs.testscripts.mileagekmallowance.TYSS_GCS_MileageKmAllowance - ecsadmin typed into Password Textbox
16:53:43.167 [main] INFO  com.hcl.gcs.testscripts.mileagekmallowance.TYSS_GCS_MileageKmAllowance - Valid value is entered in Password Textbox
16:53:43.168 [main] INFO  com.hcl.gcs.testscripts.mileagekmallowance.TYSS_GCS_MileageKmAllowance - ecsadmin is entered into Password TextBox
16:53:43.168 [main] INFO  com.hcl.gcs.testscripts.mileagekmallowance.TYSS_GCS_MileageKmAllowance - Validate Login Button is clickable
16:53:43.383 [main] INFO  com.hcl.gcs.testscripts.mileagekmallowance.TYSS_GCS_MileageKmAllowance - Clicked on : Login Button
16:53:43.383 [main] INFO  com.hcl.gcs.testscripts.mileagekmallowance.TYSS_GCS_MileageKmAllowance - Enter the value into Employee code Textbox
16:53:43.532 [main] INFO  com.hcl.gcs.testscripts.mileagekmallowance.TYSS_GCS_MileageKmAllowance - 52083401 typed into Employee code Textbox
16:53:48.563 [main] INFO  com.hcl.gcs.testscripts.mileagekmallowance.TYSS_GCS_MileageKmAllowance - Valid value is entered in Empcode Textbox
16:53:48.564 [main] INFO  com.hcl.gcs.testscripts.mileagekmallowance.TYSS_GCS_MileageKmAllowance - 52083401 is entered into Empcode TextBox
16:53:48.564 [main] INFO  com.hcl.gcs.testscripts.mileagekmallowance.TYSS_GCS_MileageKmAllowance - Enter the value into Password Textbox
16:53:48.671 [main] INFO  com.hcl.gcs.testscripts.mileagekmallowance.TYSS_GCS_MileageKmAllowance - aa typed into Password Textbox
16:54:08.724 [main] INFO  com.hcl.gcs.testscripts.mileagekmallowance.TYSS_GCS_MileageKmAllowance - Valid value is entered in Password Textbox
16:54:08.725 [main] INFO  com.hcl.gcs.testscripts.mileagekmallowance.TYSS_GCS_MileageKmAllowance - ecsadmin is entered into Password TextBox
16:54:08.725 [main] INFO  com.hcl.gcs.testscripts.mileagekmallowance.TYSS_GCS_MileageKmAllowance - Validate Login Button is clickable
16:54:13.717 [main] INFO  com.hcl.gcs.testscripts.mileagekmallowance.TYSS_GCS_MileageKmAllowance - Clicked on : Login Button
16:54:13.717 [main] INFO  com.hcl.gcs.testscripts.mileagekmallowance.TYSS_GCS_MileageKmAllowance - Wait for Visiblity of Global Claim System Logo
16:54:13.911 [main] INFO  com.hcl.gcs.testscripts.mileagekmallowance.TYSS_GCS_MileageKmAllowance - Able to mouse over on Hover on New Claim
16:54:15.921 [main] INFO  com.hcl.gcs.testscripts.mileagekmallowance.TYSS_GCS_MileageKmAllowance - Wait for Global Claims Button
16:54:16.010 [main] INFO  com.hcl.gcs.testscripts.mileagekmallowance.TYSS_GCS_MileageKmAllowance - Validate Global Claims Button is clickable
16:54:39.597 [main] INFO  com.hcl.gcs.testscripts.mileagekmallowance.TYSS_GCS_MileageKmAllowance - Clicked on : Global Claims Button
16:54:43.618 [main] INFO  com.hcl.gcs.testscripts.mileagekmallowance.TYSS_GCS_MileageKmAllowance - Validate Global Claims Button is clickable
16:54:43.772 [main] INFO  com.hcl.gcs.testscripts.mileagekmallowance.TYSS_GCS_MileageKmAllowance - Clicked on : Global Claims Button
16:54:49.815 [main] INFO  com.hcl.gcs.testscripts.mileagekmallowance.TYSS_GCS_MileageKmAllowance - Validate Select Expenses is clickable
16:54:49.949 [main] INFO  com.hcl.gcs.testscripts.mileagekmallowance.TYSS_GCS_MileageKmAllowance - Clicked on : Select Expenses
16:54:49.950 [main] INFO  com.hcl.gcs.testscripts.mileagekmallowance.TYSS_GCS_MileageKmAllowance - Wait for Select Expenses
16:54:50.025 [main] INFO  com.hcl.gcs.testscripts.mileagekmallowance.TYSS_GCS_MileageKmAllowance - Select the value Mileage/Km Allowance
16:54:50.171 [main] INFO  com.hcl.gcs.testscripts.mileagekmallowance.TYSS_GCS_MileageKmAllowance - Able to select the value : Mileage/Km Allowance
16:54:50.403 [main] INFO  com.hcl.gcs.testscripts.mileagekmallowance.TYSS_GCS_MileageKmAllowance - Wait for From Date Textbox
16:54:50.477 [main] INFO  com.hcl.gcs.testscripts.mileagekmallowance.TYSS_GCS_MileageKmAllowance - Validate From Date Textbox is clickable
16:54:50.604 [main] INFO  com.hcl.gcs.testscripts.mileagekmallowance.TYSS_GCS_MileageKmAllowance - Clicked on : From Date Textbox
16:54:50.712 [main] INFO  com.hcl.gcs.testscripts.mileagekmallowance.TYSS_GCS_MileageKmAllowance - Clear the text present inFrom Date Textbox
16:54:50.719 [main] INFO  com.hcl.gcs.testscripts.mileagekmallowance.TYSS_GCS_MileageKmAllowance - 1 Nov'21 is selected
16:54:51.733 [main] INFO  com.hcl.gcs.testscripts.mileagekmallowance.TYSS_GCS_MileageKmAllowance - Valid value is entered in From Date Textbox
16:54:51.733 [main] INFO  com.hcl.gcs.testscripts.mileagekmallowance.TYSS_GCS_MileageKmAllowance - 1 Nov'21 entered in from date Textbox
