16:11:51.236 [main] INFO  com.hcl.gcs.baseutil.BaseTest - Running locally JavaMail
16:11:51.330 [main] INFO  com.hcl.gcs.baseutil.BaseTest - Folder creation for Extent
16:11:51.343 [main] INFO  com.hcl.gcs.baseutil.BaseTest - ExtentDir:-C:\Users\sheetal.jaswal\GCS_ExpenseClaimSystem_new\HCL_GCS_Final_Expense_Claim2/reports/Automation Report- 05_08_2023_16_11_51
16:11:51.450 [main] INFO  com.hcl.gcs.baseutil.BaseTest - Report Initiated
16:11:51.455 [main] INFO  com.hcl.gcs.baseutil.BaseTest - Screenshot Folder Created
16:11:55.822 [main] INFO  com.hcl.gcs.testscripts.mileagekmallowance.TYSS_GCS_MileageKmAllowance - chrome Browser is launched
16:12:38.978 [main] INFO  com.hcl.gcs.testscripts.mileagekmallowance.TYSS_GCS_MileageKmAllowance - Enter the value into Employee code Textbox
16:12:39.143 [main] INFO  com.hcl.gcs.testscripts.mileagekmallowance.TYSS_GCS_MileageKmAllowance - 40178582 typed into Employee code Textbox
16:12:42.181 [main] INFO  com.hcl.gcs.testscripts.mileagekmallowance.TYSS_GCS_MileageKmAllowance - Valid value is entered in Empcode Textbox
16:12:42.182 [main] INFO  com.hcl.gcs.testscripts.mileagekmallowance.TYSS_GCS_MileageKmAllowance - 52083401 is entered into Empcode TextBox
16:12:42.182 [main] INFO  com.hcl.gcs.testscripts.mileagekmallowance.TYSS_GCS_MileageKmAllowance - Enter the value into Password Textbox
16:12:42.295 [main] INFO  com.hcl.gcs.testscripts.mileagekmallowance.TYSS_GCS_MileageKmAllowance - ecsadmin typed into Password Textbox
16:12:43.307 [main] INFO  com.hcl.gcs.testscripts.mileagekmallowance.TYSS_GCS_MileageKmAllowance - Valid value is entered in Password Textbox
16:12:43.307 [main] INFO  com.hcl.gcs.testscripts.mileagekmallowance.TYSS_GCS_MileageKmAllowance - ecsadmin is entered into Password TextBox
16:12:43.307 [main] INFO  com.hcl.gcs.testscripts.mileagekmallowance.TYSS_GCS_MileageKmAllowance - Validate Login Button is clickable
16:12:43.531 [main] INFO  com.hcl.gcs.testscripts.mileagekmallowance.TYSS_GCS_MileageKmAllowance - Clicked on : Login Button
16:12:43.532 [main] INFO  com.hcl.gcs.testscripts.mileagekmallowance.TYSS_GCS_MileageKmAllowance - Enter the value into Employee code Textbox
16:12:43.696 [main] INFO  com.hcl.gcs.testscripts.mileagekmallowance.TYSS_GCS_MileageKmAllowance - 52083401 typed into Employee code Textbox
16:12:48.719 [main] INFO  com.hcl.gcs.testscripts.mileagekmallowance.TYSS_GCS_MileageKmAllowance - Valid value is entered in Empcode Textbox
16:12:48.720 [main] INFO  com.hcl.gcs.testscripts.mileagekmallowance.TYSS_GCS_MileageKmAllowance - 52083401 is entered into Empcode TextBox
16:12:48.720 [main] INFO  com.hcl.gcs.testscripts.mileagekmallowance.TYSS_GCS_MileageKmAllowance - Enter the value into Password Textbox
16:12:48.834 [main] INFO  com.hcl.gcs.testscripts.mileagekmallowance.TYSS_GCS_MileageKmAllowance - aa typed into Password Textbox
16:13:00.185 [main] INFO  com.hcl.gcs.testscripts.mileagekmallowance.TYSS_GCS_MileageKmAllowance - Valid value is entered in Password Textbox
16:13:00.186 [main] INFO  com.hcl.gcs.testscripts.mileagekmallowance.TYSS_GCS_MileageKmAllowance - ecsadmin is entered into Password TextBox
16:13:00.187 [main] INFO  com.hcl.gcs.testscripts.mileagekmallowance.TYSS_GCS_MileageKmAllowance - Validate Login Button is clickable
16:13:08.647 [main] INFO  com.hcl.gcs.testscripts.mileagekmallowance.TYSS_GCS_MileageKmAllowance - Clicked on : Login Button
16:13:08.649 [main] INFO  com.hcl.gcs.testscripts.mileagekmallowance.TYSS_GCS_MileageKmAllowance - Wait for Visiblity of Global Claim System Logo
16:13:08.850 [main] INFO  com.hcl.gcs.testscripts.mileagekmallowance.TYSS_GCS_MileageKmAllowance - Able to mouse over on Hover on New Claim
16:13:10.859 [main] INFO  com.hcl.gcs.testscripts.mileagekmallowance.TYSS_GCS_MileageKmAllowance - Wait for Global Claims Button
16:13:10.953 [main] INFO  com.hcl.gcs.testscripts.mileagekmallowance.TYSS_GCS_MileageKmAllowance - Validate Global Claims Button is clickable
16:13:35.240 [main] INFO  com.hcl.gcs.testscripts.mileagekmallowance.TYSS_GCS_MileageKmAllowance - Clicked on : Global Claims Button
16:13:39.266 [main] INFO  com.hcl.gcs.testscripts.mileagekmallowance.TYSS_GCS_MileageKmAllowance - Validate Global Claims Button is clickable
16:13:39.409 [main] INFO  com.hcl.gcs.testscripts.mileagekmallowance.TYSS_GCS_MileageKmAllowance - Clicked on : Global Claims Button
16:13:45.436 [main] INFO  com.hcl.gcs.testscripts.mileagekmallowance.TYSS_GCS_MileageKmAllowance - Validate Select Expenses is clickable
16:13:45.575 [main] INFO  com.hcl.gcs.testscripts.mileagekmallowance.TYSS_GCS_MileageKmAllowance - Clicked on : Select Expenses
16:13:45.577 [main] INFO  com.hcl.gcs.testscripts.mileagekmallowance.TYSS_GCS_MileageKmAllowance - Wait for Select Expenses
16:13:45.667 [main] INFO  com.hcl.gcs.testscripts.mileagekmallowance.TYSS_GCS_MileageKmAllowance - Select the value Mileage/Km Allowance
16:13:45.819 [main] INFO  com.hcl.gcs.testscripts.mileagekmallowance.TYSS_GCS_MileageKmAllowance - Able to select the value : Mileage/Km Allowance
16:13:46.074 [main] INFO  com.hcl.gcs.testscripts.mileagekmallowance.TYSS_GCS_MileageKmAllowance - Wait for From Date Textbox
16:13:46.163 [main] INFO  com.hcl.gcs.testscripts.mileagekmallowance.TYSS_GCS_MileageKmAllowance - Validate From Date Textbox is clickable
16:13:46.304 [main] INFO  com.hcl.gcs.testscripts.mileagekmallowance.TYSS_GCS_MileageKmAllowance - Clicked on : From Date Textbox
16:13:46.423 [main] INFO  com.hcl.gcs.testscripts.mileagekmallowance.TYSS_GCS_MileageKmAllowance - Clear the text present inFrom Date Textbox
16:13:46.433 [main] INFO  com.hcl.gcs.testscripts.mileagekmallowance.TYSS_GCS_MileageKmAllowance - 1 Nov'21 is selected
16:13:47.449 [main] INFO  com.hcl.gcs.testscripts.mileagekmallowance.TYSS_GCS_MileageKmAllowance - Valid value is entered in From Date Textbox
16:13:47.450 [main] INFO  com.hcl.gcs.testscripts.mileagekmallowance.TYSS_GCS_MileageKmAllowance - 1 Nov'21 entered in from date Textbox
16:13:51.598 [main] INFO  com.hcl.gcs.testscripts.mileagekmallowance.TYSS_GCS_MileageKmAllowance - Wait for Description Text Area
16:13:51.683 [main] INFO  com.hcl.gcs.testscripts.mileagekmallowance.TYSS_GCS_MileageKmAllowance - Enter the value into Description Text Area
16:13:51.862 [main] INFO  com.hcl.gcs.testscripts.mileagekmallowance.TYSS_GCS_MileageKmAllowance - Toronto typed into Description Text Area
16:13:51.862 [main] INFO  com.hcl.gcs.testscripts.mileagekmallowance.TYSS_GCS_MileageKmAllowance - Wait for Description Text Area
16:13:51.976 [main] INFO  com.hcl.gcs.testscripts.mileagekmallowance.TYSS_GCS_MileageKmAllowance - Enter the value into Description Text Area
16:13:52.151 [main] INFO  com.hcl.gcs.testscripts.mileagekmallowance.TYSS_GCS_MileageKmAllowance - Gulph typed into Description Text Area
16:14:04.237 [main] INFO  com.hcl.gcs.testscripts.mileagekmallowance.TYSS_GCS_MileageKmAllowance - Wait for invisiblity of Spinner
16:14:04.275 [main] INFO  com.hcl.gcs.testscripts.mileagekmallowance.TYSS_GCS_MileageKmAllowance - Wait for Add Expenses Button
16:14:04.388 [main] INFO  com.hcl.gcs.testscripts.mileagekmallowance.TYSS_GCS_MileageKmAllowance - Validate Add Expenses Button is clickable
16:14:04.525 [main] INFO  com.hcl.gcs.testscripts.mileagekmallowance.TYSS_GCS_MileageKmAllowance - Clicked on : Add Expenses Button
16:14:04.525 [main] INFO  com.hcl.gcs.testscripts.mileagekmallowance.TYSS_GCS_MileageKmAllowance - Wait for invisiblity of Spinner
16:14:04.560 [main] INFO  com.hcl.gcs.testscripts.mileagekmallowance.TYSS_GCS_MileageKmAllowance - Wait for Upload Bill Link
16:14:04.655 [main] INFO  com.hcl.gcs.testscripts.mileagekmallowance.TYSS_GCS_MileageKmAllowance - Validate Upload Bill Link is clickable
16:14:04.772 [main] INFO  com.hcl.gcs.testscripts.mileagekmallowance.TYSS_GCS_MileageKmAllowance - Clicked on : Upload Bill Link
16:14:22.131 [main] ERROR com.hcl.gcs.testscripts.mileagekmallowance.TYSS_GCS_MileageKmAllowance - no such element: Unable to locate element: {"method":"xpath","selector":"//a[@class='colorBlue']"}
  (Session info: chrome=113.0.5672.64)
For documentation on this error, please visit: https://www.seleniumhq.org/exceptions/no_such_element.html
Build info: version: '3.141.59', revision: 'e82be7d358', time: '2018-11-14T08:25:53'
System info: host: 'LP-5CD229DK30', ip: '192.168.1.11', os.name: 'Windows 10', os.arch: 'amd64', os.version: '10.0', java.version: '17.0.5'
Driver info: org.openqa.selenium.chrome.ChromeDriver
Capabilities {acceptInsecureCerts: false, browserName: chrome, browserVersion: 113.0.5672.64, chrome: {chromedriverVersion: 113.0.5672.24 (65f30d4e8051..., userDataDir: C:\Users\sheetal.jaswal\App...}, goog:chromeOptions: {debuggerAddress: localhost:61258}, javascriptEnabled: true, networkConnectionEnabled: false, pageLoadStrategy: normal, platform: WINDOWS, platformName: WINDOWS, proxy: Proxy(), setWindowRect: true, strictFileInteractability: false, timeouts: {implicit: 0, pageLoad: 300000, script: 30000}, unhandledPromptBehavior: dismiss and notify, webauthn:extension:credBlob: true, webauthn:extension:largeBlob: true, webauthn:extension:minPinLength: true, webauthn:extension:prf: true, webauthn:virtualAuthenticators: true}
Session ID: 546ee9d9faebc0cbcaeca6d0030588a6
*** Element info: {Using=xpath, value=//a[@class='colorBlue']}
