16:51:25.192 [main] INFO  com.hcl.gcs.baseutil.BaseTest - Running locally JavaMail
16:51:25.281 [main] INFO  com.hcl.gcs.baseutil.BaseTest - Folder creation for Extent
16:51:25.295 [main] INFO  com.hcl.gcs.baseutil.BaseTest - ExtentDir:-C:\Users\sheetal.jaswal\GCS_ExpenseClaimSystem_new\HCL_GCS_Final_Expense_Claim2/reports/Automation Report- 05_09_2023_16_51_25
16:51:25.397 [main] INFO  com.hcl.gcs.baseutil.BaseTest - Report Initiated
16:51:25.402 [main] INFO  com.hcl.gcs.baseutil.BaseTest - Screenshot Folder Created
16:51:32.696 [main] INFO  com.hcl.gcs.testscripts.mileagekmallowance.TYSS_GCS_MileageKmAllowance - chrome Browser is launched
16:51:57.049 [main] INFO  com.hcl.gcs.testscripts.mileagekmallowance.TYSS_GCS_MileageKmAllowance - Enter the value into Employee code Textbox
16:51:57.291 [main] INFO  com.hcl.gcs.testscripts.mileagekmallowance.TYSS_GCS_MileageKmAllowance - 40178582 typed into Employee code Textbox
16:52:00.324 [main] INFO  com.hcl.gcs.testscripts.mileagekmallowance.TYSS_GCS_MileageKmAllowance - Valid value is entered in Empcode Textbox
16:52:00.325 [main] INFO  com.hcl.gcs.testscripts.mileagekmallowance.TYSS_GCS_MileageKmAllowance - 52083401 is entered into Empcode TextBox
16:52:00.326 [main] INFO  com.hcl.gcs.testscripts.mileagekmallowance.TYSS_GCS_MileageKmAllowance - Enter the value into Password Textbox
16:52:00.515 [main] INFO  com.hcl.gcs.testscripts.mileagekmallowance.TYSS_GCS_MileageKmAllowance - ecsadmin typed into Password Textbox
16:52:01.531 [main] INFO  com.hcl.gcs.testscripts.mileagekmallowance.TYSS_GCS_MileageKmAllowance - Valid value is entered in Password Textbox
16:52:01.531 [main] INFO  com.hcl.gcs.testscripts.mileagekmallowance.TYSS_GCS_MileageKmAllowance - ecsadmin is entered into Password TextBox
16:52:01.532 [main] INFO  com.hcl.gcs.testscripts.mileagekmallowance.TYSS_GCS_MileageKmAllowance - Validate Login Button is clickable
16:52:01.768 [main] INFO  com.hcl.gcs.testscripts.mileagekmallowance.TYSS_GCS_MileageKmAllowance - Clicked on : Login Button
16:52:01.769 [main] INFO  com.hcl.gcs.testscripts.mileagekmallowance.TYSS_GCS_MileageKmAllowance - Enter the value into Employee code Textbox
16:52:01.948 [main] INFO  com.hcl.gcs.testscripts.mileagekmallowance.TYSS_GCS_MileageKmAllowance - 52083401 typed into Employee code Textbox
16:52:06.994 [main] INFO  com.hcl.gcs.testscripts.mileagekmallowance.TYSS_GCS_MileageKmAllowance - Valid value is entered in Empcode Textbox
16:52:06.995 [main] INFO  com.hcl.gcs.testscripts.mileagekmallowance.TYSS_GCS_MileageKmAllowance - 52083401 is entered into Empcode TextBox
16:52:06.996 [main] INFO  com.hcl.gcs.testscripts.mileagekmallowance.TYSS_GCS_MileageKmAllowance - Enter the value into Password Textbox
16:52:07.162 [main] INFO  com.hcl.gcs.testscripts.mileagekmallowance.TYSS_GCS_MileageKmAllowance - aa typed into Password Textbox
16:52:08.188 [main] INFO  com.hcl.gcs.testscripts.mileagekmallowance.TYSS_GCS_MileageKmAllowance - Valid value is entered in Password Textbox
16:52:08.189 [main] INFO  com.hcl.gcs.testscripts.mileagekmallowance.TYSS_GCS_MileageKmAllowance - ecsadmin is entered into Password TextBox
16:52:08.190 [main] INFO  com.hcl.gcs.testscripts.mileagekmallowance.TYSS_GCS_MileageKmAllowance - Validate Login Button is clickable
16:52:42.017 [main] INFO  com.hcl.gcs.testscripts.mileagekmallowance.TYSS_GCS_MileageKmAllowance - Clicked on : Login Button
16:52:42.018 [main] INFO  com.hcl.gcs.testscripts.mileagekmallowance.TYSS_GCS_MileageKmAllowance - Wait for Visiblity of Global Claim System Logo
16:52:42.235 [main] INFO  com.hcl.gcs.testscripts.mileagekmallowance.TYSS_GCS_MileageKmAllowance - Able to mouse over on Hover on New Claim
16:52:44.238 [main] INFO  com.hcl.gcs.testscripts.mileagekmallowance.TYSS_GCS_MileageKmAllowance - Wait for Global Claims Button
16:52:44.386 [main] INFO  com.hcl.gcs.testscripts.mileagekmallowance.TYSS_GCS_MileageKmAllowance - Validate Global Claims Button is clickable
16:53:08.371 [main] INFO  com.hcl.gcs.testscripts.mileagekmallowance.TYSS_GCS_MileageKmAllowance - Clicked on : Global Claims Button
16:53:12.390 [main] INFO  com.hcl.gcs.testscripts.mileagekmallowance.TYSS_GCS_MileageKmAllowance - Validate Global Claims Button is clickable
16:53:12.568 [main] INFO  com.hcl.gcs.testscripts.mileagekmallowance.TYSS_GCS_MileageKmAllowance - Clicked on : Global Claims Button
16:53:18.620 [main] INFO  com.hcl.gcs.testscripts.mileagekmallowance.TYSS_GCS_MileageKmAllowance - Validate Select Expenses is clickable
16:53:18.777 [main] INFO  com.hcl.gcs.testscripts.mileagekmallowance.TYSS_GCS_MileageKmAllowance - Clicked on : Select Expenses
16:53:18.777 [main] INFO  com.hcl.gcs.testscripts.mileagekmallowance.TYSS_GCS_MileageKmAllowance - Wait for Select Expenses
16:53:18.863 [main] INFO  com.hcl.gcs.testscripts.mileagekmallowance.TYSS_GCS_MileageKmAllowance - Select the value Mileage/Km Allowance
16:53:19.052 [main] INFO  com.hcl.gcs.testscripts.mileagekmallowance.TYSS_GCS_MileageKmAllowance - Able to select the value : Mileage/Km Allowance
16:53:19.291 [main] INFO  com.hcl.gcs.testscripts.mileagekmallowance.TYSS_GCS_MileageKmAllowance - Wait for From Date Textbox
16:53:19.384 [main] INFO  com.hcl.gcs.testscripts.mileagekmallowance.TYSS_GCS_MileageKmAllowance - Validate From Date Textbox is clickable
16:53:19.562 [main] INFO  com.hcl.gcs.testscripts.mileagekmallowance.TYSS_GCS_MileageKmAllowance - Clicked on : From Date Textbox
16:53:19.682 [main] INFO  com.hcl.gcs.testscripts.mileagekmallowance.TYSS_GCS_MileageKmAllowance - Clear the text present inFrom Date Textbox
16:53:19.690 [main] INFO  com.hcl.gcs.testscripts.mileagekmallowance.TYSS_GCS_MileageKmAllowance - 1 Jan'23 is selected
16:53:20.721 [main] INFO  com.hcl.gcs.testscripts.mileagekmallowance.TYSS_GCS_MileageKmAllowance - Valid value is entered in From Date Textbox
16:53:20.722 [main] INFO  com.hcl.gcs.testscripts.mileagekmallowance.TYSS_GCS_MileageKmAllowance - 1 Jan'23 entered in from date Textbox
16:53:20.722 [main] INFO  com.hcl.gcs.testscripts.mileagekmallowance.TYSS_GCS_MileageKmAllowance - Wait for Description Text Area
16:53:20.839 [main] INFO  com.hcl.gcs.testscripts.mileagekmallowance.TYSS_GCS_MileageKmAllowance - Enter the value into Description Text Area
16:53:21.009 [main] INFO  com.hcl.gcs.testscripts.mileagekmallowance.TYSS_GCS_MileageKmAllowance - Toronto typed into Description Text Area
16:53:21.009 [main] INFO  com.hcl.gcs.testscripts.mileagekmallowance.TYSS_GCS_MileageKmAllowance - Wait for Description Text Area
16:53:21.103 [main] INFO  com.hcl.gcs.testscripts.mileagekmallowance.TYSS_GCS_MileageKmAllowance - Enter the value into Description Text Area
16:53:21.270 [main] INFO  com.hcl.gcs.testscripts.mileagekmallowance.TYSS_GCS_MileageKmAllowance - Gulph typed into Description Text Area
16:53:21.270 [main] INFO  com.hcl.gcs.testscripts.mileagekmallowance.TYSS_GCS_MileageKmAllowance - Wait for Description Text Area
16:53:21.356 [main] INFO  com.hcl.gcs.testscripts.mileagekmallowance.TYSS_GCS_MileageKmAllowance - Enter the value into Description Text Area
16:53:21.529 [main] INFO  com.hcl.gcs.testscripts.mileagekmallowance.TYSS_GCS_MileageKmAllowance - 5 typed into Description Text Area
16:53:23.531 [main] INFO  com.hcl.gcs.testscripts.mileagekmallowance.TYSS_GCS_MileageKmAllowance - Validate Select Expenses is clickable
16:53:23.713 [main] INFO  com.hcl.gcs.testscripts.mileagekmallowance.TYSS_GCS_MileageKmAllowance - Clicked on : Select Expenses
16:53:23.713 [main] INFO  com.hcl.gcs.testscripts.mileagekmallowance.TYSS_GCS_MileageKmAllowance - Wait for Select Expenses
16:53:23.821 [main] INFO  com.hcl.gcs.testscripts.mileagekmallowance.TYSS_GCS_MileageKmAllowance - Select the value 5 C.V
16:53:24.016 [main] INFO  com.hcl.gcs.testscripts.mileagekmallowance.TYSS_GCS_MileageKmAllowance - Able to select the value : 5 C.V
16:53:24.017 [main] INFO  com.hcl.gcs.testscripts.mileagekmallowance.TYSS_GCS_MileageKmAllowance - Wait for Description Text Area
16:53:24.121 [main] INFO  com.hcl.gcs.testscripts.mileagekmallowance.TYSS_GCS_MileageKmAllowance - Enter the value into Description Text Area
16:53:24.339 [main] INFO  com.hcl.gcs.testscripts.mileagekmallowance.TYSS_GCS_MileageKmAllowance - TEST RUN typed into Description Text Area
16:53:26.352 [main] INFO  com.hcl.gcs.testscripts.mileagekmallowance.TYSS_GCS_MileageKmAllowance - Validate Saves Calim is clickable
16:53:26.489 [main] INFO  com.hcl.gcs.testscripts.mileagekmallowance.TYSS_GCS_MileageKmAllowance - Clicked on : Saves Calim
16:53:26.490 [main] INFO  com.hcl.gcs.testscripts.mileagekmallowance.TYSS_GCS_MileageKmAllowance - Validate Chargeable to Customer is clickable
16:53:26.619 [main] INFO  com.hcl.gcs.testscripts.mileagekmallowance.TYSS_GCS_MileageKmAllowance - Clicked on : Chargeable to Customer
16:53:28.634 [main] INFO  com.hcl.gcs.testscripts.mileagekmallowance.TYSS_GCS_MileageKmAllowance - Validate Saves Calim is clickable
16:53:28.804 [main] INFO  com.hcl.gcs.testscripts.mileagekmallowance.TYSS_GCS_MileageKmAllowance - Clicked on : Saves Calim
16:54:00.934 [main] INFO  com.hcl.gcs.testscripts.mileagekmallowance.TYSS_GCS_MileageKmAllowance - Wait for invisiblity of Spinner
16:54:00.978 [main] INFO  com.hcl.gcs.testscripts.mileagekmallowance.TYSS_GCS_MileageKmAllowance - Wait for Add Expenses Button
16:54:01.101 [main] INFO  com.hcl.gcs.testscripts.mileagekmallowance.TYSS_GCS_MileageKmAllowance - Validate Add Expenses Button is clickable
16:54:01.260 [main] INFO  com.hcl.gcs.testscripts.mileagekmallowance.TYSS_GCS_MileageKmAllowance - Clicked on : Add Expenses Button
16:54:01.261 [main] INFO  com.hcl.gcs.testscripts.mileagekmallowance.TYSS_GCS_MileageKmAllowance - Wait for invisiblity of Spinner
16:54:01.288 [main] INFO  com.hcl.gcs.testscripts.mileagekmallowance.TYSS_GCS_MileageKmAllowance - Wait for Upload Bill Link
16:54:01.400 [main] INFO  com.hcl.gcs.testscripts.mileagekmallowance.TYSS_GCS_MileageKmAllowance - Validate Upload Bill Link is clickable
16:54:01.560 [main] INFO  com.hcl.gcs.testscripts.mileagekmallowance.TYSS_GCS_MileageKmAllowance - Clicked on : Upload Bill Link
16:54:08.798 [main] INFO  com.hcl.gcs.testscripts.mileagekmallowance.TYSS_GCS_MileageKmAllowance - Wait for Reason or Business justificaion Text Area
16:54:08.896 [main] INFO  com.hcl.gcs.testscripts.mileagekmallowance.TYSS_GCS_MileageKmAllowance - Enter the value into Reason or Business justificaion Text Area
16:54:09.064 [main] INFO  com.hcl.gcs.testscripts.mileagekmallowance.TYSS_GCS_MileageKmAllowance - Automating the app typed into Reason or Business justificaion Text Area
16:54:09.082 [main] INFO  com.hcl.gcs.testscripts.mileagekmallowance.TYSS_GCS_MileageKmAllowance - Wait for Check box
16:54:09.225 [main] INFO  com.hcl.gcs.testscripts.mileagekmallowance.TYSS_GCS_MileageKmAllowance - Declaration1: Check box is selected
16:54:09.225 [main] INFO  com.hcl.gcs.testscripts.mileagekmallowance.TYSS_GCS_MileageKmAllowance - Wait for Check box
16:54:19.449 [main] ERROR com.hcl.gcs.testscripts.mileagekmallowance.TYSS_GCS_MileageKmAllowance - Check box is not visible
