11:37:23.106 [main] INFO  com.hcl.gcs.baseutil.BaseTest - Running locally JavaMail
11:37:23.363 [main] INFO  com.hcl.gcs.baseutil.BaseTest - Folder creation for Extent
11:37:23.415 [main] INFO  com.hcl.gcs.baseutil.BaseTest - ExtentDir:-C:\Users\sheetal.jaswal\GCS_ExpenseClaimSystem_new\HCL_GCS_Final_Expense_Claim2/reports/Automation Report- 05_05_2023_11_37_23
11:37:23.728 [main] INFO  com.hcl.gcs.baseutil.BaseTest - Report Initiated
11:37:23.752 [main] INFO  com.hcl.gcs.baseutil.BaseTest - Screenshot Folder Created
11:37:34.441 [main] INFO  com.hcl.gcs.testscripts.mileagekmallowance.TYSS_GCS_MileageKmAllowance - chrome Browser is launched
11:37:59.427 [main] INFO  com.hcl.gcs.testscripts.mileagekmallowance.TYSS_GCS_MileageKmAllowance - Enter the value into Employee code Textbox
11:37:59.924 [main] INFO  com.hcl.gcs.testscripts.mileagekmallowance.TYSS_GCS_MileageKmAllowance - 40178582 typed into Employee code Textbox
11:38:02.979 [main] INFO  com.hcl.gcs.testscripts.mileagekmallowance.TYSS_GCS_MileageKmAllowance - Valid value is entered in Empcode Textbox
11:38:02.980 [main] INFO  com.hcl.gcs.testscripts.mileagekmallowance.TYSS_GCS_MileageKmAllowance - 52083401 is entered into Empcode TextBox
11:38:02.981 [main] INFO  com.hcl.gcs.testscripts.mileagekmallowance.TYSS_GCS_MileageKmAllowance - Enter the value into Password Textbox
11:38:03.435 [main] INFO  com.hcl.gcs.testscripts.mileagekmallowance.TYSS_GCS_MileageKmAllowance - ecsadmin typed into Password Textbox
11:38:04.480 [main] INFO  com.hcl.gcs.testscripts.mileagekmallowance.TYSS_GCS_MileageKmAllowance - Valid value is entered in Password Textbox
11:38:04.482 [main] INFO  com.hcl.gcs.testscripts.mileagekmallowance.TYSS_GCS_MileageKmAllowance - ecsadmin is entered into Password TextBox
11:38:04.483 [main] INFO  com.hcl.gcs.testscripts.mileagekmallowance.TYSS_GCS_MileageKmAllowance - Validate Login Button is clickable
11:38:05.105 [main] INFO  com.hcl.gcs.testscripts.mileagekmallowance.TYSS_GCS_MileageKmAllowance - Clicked on : Login Button
11:38:05.108 [main] INFO  com.hcl.gcs.testscripts.mileagekmallowance.TYSS_GCS_MileageKmAllowance - Enter the value into Employee code Textbox
11:38:05.492 [main] INFO  com.hcl.gcs.testscripts.mileagekmallowance.TYSS_GCS_MileageKmAllowance - 52083401 typed into Employee code Textbox
11:38:10.538 [main] INFO  com.hcl.gcs.testscripts.mileagekmallowance.TYSS_GCS_MileageKmAllowance - Valid value is entered in Empcode Textbox
11:38:10.539 [main] INFO  com.hcl.gcs.testscripts.mileagekmallowance.TYSS_GCS_MileageKmAllowance - 52083401 is entered into Empcode TextBox
11:38:10.540 [main] INFO  com.hcl.gcs.testscripts.mileagekmallowance.TYSS_GCS_MileageKmAllowance - Enter the value into Password Textbox
11:38:10.910 [main] INFO  com.hcl.gcs.testscripts.mileagekmallowance.TYSS_GCS_MileageKmAllowance - aa typed into Password Textbox
11:38:11.940 [main] INFO  com.hcl.gcs.testscripts.mileagekmallowance.TYSS_GCS_MileageKmAllowance - Valid value is entered in Password Textbox
11:38:11.941 [main] INFO  com.hcl.gcs.testscripts.mileagekmallowance.TYSS_GCS_MileageKmAllowance - ecsadmin is entered into Password TextBox
11:38:11.942 [main] INFO  com.hcl.gcs.testscripts.mileagekmallowance.TYSS_GCS_MileageKmAllowance - Validate Login Button is clickable
11:38:20.840 [main] INFO  com.hcl.gcs.testscripts.mileagekmallowance.TYSS_GCS_MileageKmAllowance - Clicked on : Login Button
11:38:20.842 [main] INFO  com.hcl.gcs.testscripts.mileagekmallowance.TYSS_GCS_MileageKmAllowance - Wait for Visiblity of Global Claim System Logo
11:38:21.205 [main] INFO  com.hcl.gcs.testscripts.mileagekmallowance.TYSS_GCS_MileageKmAllowance - Able to mouse over on Hover on New Claim
11:38:23.215 [main] INFO  com.hcl.gcs.testscripts.mileagekmallowance.TYSS_GCS_MileageKmAllowance - Wait for Global Claims Button
11:38:23.506 [main] INFO  com.hcl.gcs.testscripts.mileagekmallowance.TYSS_GCS_MileageKmAllowance - Validate Global Claims Button is clickable
11:38:48.806 [main] INFO  com.hcl.gcs.testscripts.mileagekmallowance.TYSS_GCS_MileageKmAllowance - Clicked on : Global Claims Button
11:38:52.821 [main] INFO  com.hcl.gcs.testscripts.mileagekmallowance.TYSS_GCS_MileageKmAllowance - Validate Global Claims Button is clickable
11:38:53.215 [main] INFO  com.hcl.gcs.testscripts.mileagekmallowance.TYSS_GCS_MileageKmAllowance - Clicked on : Global Claims Button
11:38:59.250 [main] INFO  com.hcl.gcs.testscripts.mileagekmallowance.TYSS_GCS_MileageKmAllowance - Validate Cost Center Button is clickable
11:38:59.682 [main] INFO  com.hcl.gcs.testscripts.mileagekmallowance.TYSS_GCS_MileageKmAllowance - Clicked on : Cost Center Button
11:38:59.685 [main] INFO  com.hcl.gcs.testscripts.mileagekmallowance.TYSS_GCS_MileageKmAllowance - Wait for Select Expenses
11:38:59.975 [main] INFO  com.hcl.gcs.testscripts.mileagekmallowance.TYSS_GCS_MileageKmAllowance - Select the value Broadband Expenses
11:39:20.474 [main] ERROR com.hcl.gcs.testscripts.mileagekmallowance.TYSS_GCS_MileageKmAllowance -  Unable to select the value : Broadband Expenses
