16:14:40.725 [main] INFO  com.hcl.gcs.baseutil.BaseTest - Running locally JavaMail
16:14:40.821 [main] INFO  com.hcl.gcs.baseutil.BaseTest - Folder creation for Extent
16:14:40.838 [main] INFO  com.hcl.gcs.baseutil.BaseTest - ExtentDir:-C:\Users\sheetal.jaswal\GCS_ExpenseClaimSystem_new\HCL_GCS_Final_Expense_Claim2/reports/Automation Report- 05_08_2023_16_14_40
16:14:40.943 [main] INFO  com.hcl.gcs.baseutil.BaseTest - Report Initiated
16:14:40.948 [main] INFO  com.hcl.gcs.baseutil.BaseTest - Screenshot Folder Created
16:14:45.104 [main] INFO  com.hcl.gcs.testscripts.mileagekmallowance.TYSS_GCS_MileageKmAllowance - chrome Browser is launched
16:16:37.675 [main] INFO  com.hcl.gcs.testscripts.mileagekmallowance.TYSS_GCS_MileageKmAllowance - Enter the value into Employee code Textbox
16:16:37.846 [main] INFO  com.hcl.gcs.testscripts.mileagekmallowance.TYSS_GCS_MileageKmAllowance - 40178582 typed into Employee code Textbox
16:16:40.878 [main] INFO  com.hcl.gcs.testscripts.mileagekmallowance.TYSS_GCS_MileageKmAllowance - Valid value is entered in Empcode Textbox
16:16:40.878 [main] INFO  com.hcl.gcs.testscripts.mileagekmallowance.TYSS_GCS_MileageKmAllowance - 52083401 is entered into Empcode TextBox
16:16:40.879 [main] INFO  com.hcl.gcs.testscripts.mileagekmallowance.TYSS_GCS_MileageKmAllowance - Enter the value into Password Textbox
16:16:41.002 [main] INFO  com.hcl.gcs.testscripts.mileagekmallowance.TYSS_GCS_MileageKmAllowance - ecsadmin typed into Password Textbox
16:16:42.016 [main] INFO  com.hcl.gcs.testscripts.mileagekmallowance.TYSS_GCS_MileageKmAllowance - Valid value is entered in Password Textbox
16:16:42.017 [main] INFO  com.hcl.gcs.testscripts.mileagekmallowance.TYSS_GCS_MileageKmAllowance - ecsadmin is entered into Password TextBox
16:16:42.017 [main] INFO  com.hcl.gcs.testscripts.mileagekmallowance.TYSS_GCS_MileageKmAllowance - Validate Login Button is clickable
16:16:42.232 [main] INFO  com.hcl.gcs.testscripts.mileagekmallowance.TYSS_GCS_MileageKmAllowance - Clicked on : Login Button
16:16:42.234 [main] INFO  com.hcl.gcs.testscripts.mileagekmallowance.TYSS_GCS_MileageKmAllowance - Enter the value into Employee code Textbox
16:16:42.409 [main] INFO  com.hcl.gcs.testscripts.mileagekmallowance.TYSS_GCS_MileageKmAllowance - 52083401 typed into Employee code Textbox
16:16:47.438 [main] INFO  com.hcl.gcs.testscripts.mileagekmallowance.TYSS_GCS_MileageKmAllowance - Valid value is entered in Empcode Textbox
16:16:47.438 [main] INFO  com.hcl.gcs.testscripts.mileagekmallowance.TYSS_GCS_MileageKmAllowance - 52083401 is entered into Empcode TextBox
16:16:47.438 [main] INFO  com.hcl.gcs.testscripts.mileagekmallowance.TYSS_GCS_MileageKmAllowance - Enter the value into Password Textbox
16:16:47.549 [main] INFO  com.hcl.gcs.testscripts.mileagekmallowance.TYSS_GCS_MileageKmAllowance - aa typed into Password Textbox
16:17:00.375 [main] INFO  com.hcl.gcs.testscripts.mileagekmallowance.TYSS_GCS_MileageKmAllowance - Valid value is entered in Password Textbox
16:17:00.376 [main] INFO  com.hcl.gcs.testscripts.mileagekmallowance.TYSS_GCS_MileageKmAllowance - ecsadmin is entered into Password TextBox
16:17:00.377 [main] INFO  com.hcl.gcs.testscripts.mileagekmallowance.TYSS_GCS_MileageKmAllowance - Validate Login Button is clickable
16:17:05.431 [main] INFO  com.hcl.gcs.testscripts.mileagekmallowance.TYSS_GCS_MileageKmAllowance - Clicked on : Login Button
16:17:05.432 [main] INFO  com.hcl.gcs.testscripts.mileagekmallowance.TYSS_GCS_MileageKmAllowance - Wait for Visiblity of Global Claim System Logo
16:17:05.633 [main] INFO  com.hcl.gcs.testscripts.mileagekmallowance.TYSS_GCS_MileageKmAllowance - Able to mouse over on Hover on New Claim
16:17:07.647 [main] INFO  com.hcl.gcs.testscripts.mileagekmallowance.TYSS_GCS_MileageKmAllowance - Wait for Global Claims Button
16:17:07.740 [main] INFO  com.hcl.gcs.testscripts.mileagekmallowance.TYSS_GCS_MileageKmAllowance - Validate Global Claims Button is clickable
16:17:31.381 [main] INFO  com.hcl.gcs.testscripts.mileagekmallowance.TYSS_GCS_MileageKmAllowance - Clicked on : Global Claims Button
16:17:35.411 [main] INFO  com.hcl.gcs.testscripts.mileagekmallowance.TYSS_GCS_MileageKmAllowance - Validate Global Claims Button is clickable
16:17:35.584 [main] INFO  com.hcl.gcs.testscripts.mileagekmallowance.TYSS_GCS_MileageKmAllowance - Clicked on : Global Claims Button
16:17:41.620 [main] INFO  com.hcl.gcs.testscripts.mileagekmallowance.TYSS_GCS_MileageKmAllowance - Validate Select Expenses is clickable
16:17:41.806 [main] INFO  com.hcl.gcs.testscripts.mileagekmallowance.TYSS_GCS_MileageKmAllowance - Clicked on : Select Expenses
16:17:41.807 [main] INFO  com.hcl.gcs.testscripts.mileagekmallowance.TYSS_GCS_MileageKmAllowance - Wait for Select Expenses
16:17:41.900 [main] INFO  com.hcl.gcs.testscripts.mileagekmallowance.TYSS_GCS_MileageKmAllowance - Select the value Mileage/Km Allowance
16:17:42.139 [main] INFO  com.hcl.gcs.testscripts.mileagekmallowance.TYSS_GCS_MileageKmAllowance - Able to select the value : Mileage/Km Allowance
16:17:42.433 [main] INFO  com.hcl.gcs.testscripts.mileagekmallowance.TYSS_GCS_MileageKmAllowance - Wait for From Date Textbox
16:17:42.553 [main] INFO  com.hcl.gcs.testscripts.mileagekmallowance.TYSS_GCS_MileageKmAllowance - Validate From Date Textbox is clickable
16:17:42.734 [main] INFO  com.hcl.gcs.testscripts.mileagekmallowance.TYSS_GCS_MileageKmAllowance - Clicked on : From Date Textbox
16:17:42.856 [main] INFO  com.hcl.gcs.testscripts.mileagekmallowance.TYSS_GCS_MileageKmAllowance - Clear the text present inFrom Date Textbox
16:17:42.867 [main] INFO  com.hcl.gcs.testscripts.mileagekmallowance.TYSS_GCS_MileageKmAllowance - 1 Nov'21 is selected
16:17:43.897 [main] INFO  com.hcl.gcs.testscripts.mileagekmallowance.TYSS_GCS_MileageKmAllowance - Valid value is entered in From Date Textbox
16:17:43.898 [main] INFO  com.hcl.gcs.testscripts.mileagekmallowance.TYSS_GCS_MileageKmAllowance - 1 Nov'21 entered in from date Textbox
16:23:05.345 [main] INFO  com.hcl.gcs.testscripts.mileagekmallowance.TYSS_GCS_MileageKmAllowance - Wait for Description Text Area
16:23:15.395 [main] ERROR com.hcl.gcs.testscripts.mileagekmallowance.TYSS_GCS_MileageKmAllowance - Description Text Area is not visible
16:23:15.396 [main] INFO  com.hcl.gcs.testscripts.mileagekmallowance.TYSS_GCS_MileageKmAllowance - Enter the value into Description Text Area
16:23:25.726 [main] ERROR com.hcl.gcs.testscripts.mileagekmallowance.TYSS_GCS_MileageKmAllowance -  Unable to type Torontointo Description Text Area
